生成启动时间为 2024/10/2 19:24:34。
     1>项目“D:\vc00\projects\第一周作业\第一周作业\第一周作业.vcxproj”在节点 2 上(build 个目标)。
     1>InitializeBuildStatus:
         正在创建“Debug\第一周作业.unsuccessfulbuild”，因为已指定“AlwaysCreate”。
       ClCompile:
         d:\vc00\VC\bin\CL.exe /c /ZI /nologo /W3 /WX- /Od /Oy- /D WIN32 /D _DEBUG /D _CONSOLE /D _UNICODE /D UNICODE /Gm /EHsc /RTC1 /MDd /GS /fp:precise /Zc:wchar_t /Zc:forScope /Fo"Debug\\" /Fd"Debug\vc100.pdb" /Gd /TC /analyze- /errorReport:prompt 1.c 2.c 3.c
         3.c
         2.c
         1.c
         正在生成代码...
       ManifestResourceCompile:
         所有输出均为最新。
       Link:
         d:\vc00\VC\bin\link.exe /ERRORREPORT:PROMPT /OUT:"D:\vc00\projects\网课\Debug\第一周作业.exe" /INCREMENTAL /NOLOGO kernel32.lib user32.lib gdi32.lib winspool.lib comdlg32.lib advapi32.lib shell32.lib ole32.lib oleaut32.lib uuid.lib odbc32.lib odbccp32.lib /MANIFEST /ManifestFile:"Debug\第一周作业.exe.intermediate.manifest" /MANIFESTUAC:"level='asInvoker' uiAccess='false'" /DEBUG /PDB:"D:\vc00\projects\网课\Debug\第一周作业.pdb" /SUBSYSTEM:CONSOLE /TLBID:1 /DYNAMICBASE /NXCOMPAT /IMPLIB:"D:\vc00\projects\网课\Debug\第一周作业.lib" /MACHINE:X86 "Debug\第一周作业.exe.embed.manifest.res"
         Debug\1.obj
         Debug\2.obj
         Debug\3.obj
       Manifest:
         C:\Program Files (x86)\Microsoft SDKs\Windows\v7.0A\bin\mt.exe /nologo /verbose /out:"Debug\第一周作业.exe.embed.manifest" /manifest "Debug\第一周作业.exe.intermediate.manifest"
         所有输出均为最新。
       LinkEmbedManifest:
         d:\vc00\VC\bin\link.exe /ERRORREPORT:PROMPT /OUT:"D:\vc00\projects\网课\Debug\第一周作业.exe" /INCREMENTAL /NOLOGO kernel32.lib user32.lib gdi32.lib winspool.lib comdlg32.lib advapi32.lib shell32.lib ole32.lib oleaut32.lib uuid.lib odbc32.lib odbccp32.lib /MANIFEST /ManifestFile:"Debug\第一周作业.exe.intermediate.manifest" /MANIFESTUAC:"level='asInvoker' uiAccess='false'" /DEBUG /PDB:"D:\vc00\projects\网课\Debug\第一周作业.pdb" /SUBSYSTEM:CONSOLE /TLBID:1 /DYNAMICBASE /NXCOMPAT /IMPLIB:"D:\vc00\projects\网课\Debug\第一周作业.lib" /MACHINE:X86 "Debug\第一周作业.exe.embed.manifest.res"
         Debug\1.obj
         Debug\2.obj
         Debug\3.obj
         第一周作业.vcxproj -> D:\vc00\projects\网课\Debug\第一周作业.exe
       FinalizeBuildStatus:
         正在删除文件“Debug\第一周作业.unsuccessfulbuild”。
         正在对“Debug\第一周作业.lastbuildstate”执行 Touch 任务。
     1>已完成生成项目“D:\vc00\projects\第一周作业\第一周作业\第一周作业.vcxproj”(build 个目标)的操作。

生成成功。

已用时间 00:00:00.70
